<?xml version="1.0" encoding="UTF-8"?>
<testsuite name="com.kbtg.bootcamp.posttest.user.UserControllerTest" tests="3" skipped="0" failures="0" errors="0" timestamp="2024-02-26T05:23:36" hostname="JarjajarBook.local" time="0.082">
  <properties/>
  <testcase name="Name should not exceed 100 characters" classname="com.kbtg.bootcamp.posttest.user.UserControllerTest" time="0.067"/>
  <testcase name="When performing a GET request on /users/{id}, return specific user information" classname="com.kbtg.bootcamp.posttest.user.UserControllerTest" time="0.008"/>
  <testcase name="when perform on get: /users should return list of users" classname="com.kbtg.bootcamp.posttest.user.UserControllerTest" time="0.007"/>
  <system-out><![CDATA[12:23:37.004 [Test worker] INFO org.springframework.mock.web.MockServletContext -- Initializing Spring TestDispatcherServlet ''
12:23:37.005 [Test worker] INFO org.springframework.test.web.servlet.TestDispatcherServlet -- Initializing Servlet ''
12:23:37.005 [Test worker] INFO org.springframework.test.web.servlet.TestDispatcherServlet -- Completed initialization in 0 ms

MockHttpServletRequest:
      HTTP Method = POST
      Request URI = /users
       Parameters = {}
          Headers = [Content-Type:"application/json", Content-Length:"21"]
             Body = <no character encoding set>
    Session Attrs = {}

Handler:
             Type = com.kbtg.bootcamp.posttest.user.UserController
           Method = com.kbtg.bootcamp.posttest.user.UserController#createUser(UserRequest)

Async:
    Async started = false
     Async result = null

Resolved Exception:
             Type = null

ModelAndView:
        View name = null
             View = null
            Model = null

FlashMap:
       Attributes = null

MockHttpServletResponse:
           Status = 200
    Error message = null
          Headers = []
     Content type = null
             Body = 
    Forwarded URL = null
   Redirected URL = null
          Cookies = []
12:23:37.052 [Test worker] INFO org.springframework.mock.web.MockServletContext -- Initializing Spring TestDispatcherServlet ''
12:23:37.052 [Test worker] INFO org.springframework.test.web.servlet.TestDispatcherServlet -- Initializing Servlet ''
12:23:37.052 [Test worker] INFO org.springframework.test.web.servlet.TestDispatcherServlet -- Completed initialization in 0 ms

MockHttpServletRequest:
      HTTP Method = GET
      Request URI = /users/123
       Parameters = {}
          Headers = []
             Body = <no character encoding set>
    Session Attrs = {}

Handler:
             Type = com.kbtg.bootcamp.posttest.user.UserController
           Method = com.kbtg.bootcamp.posttest.user.UserController#getUserById(Long)

Async:
    Async started = false
     Async result = null

Resolved Exception:
             Type = null

ModelAndView:
        View name = null
             View = null
            Model = null

FlashMap:
       Attributes = null

MockHttpServletResponse:
           Status = 200
    Error message = null
          Headers = []
     Content type = null
             Body = 
    Forwarded URL = null
   Redirected URL = null
          Cookies = []
12:23:37.059 [Test worker] INFO org.springframework.mock.web.MockServletContext -- Initializing Spring TestDispatcherServlet ''
12:23:37.060 [Test worker] INFO org.springframework.test.web.servlet.TestDispatcherServlet -- Initializing Servlet ''
12:23:37.060 [Test worker] INFO org.springframework.test.web.servlet.TestDispatcherServlet -- Completed initialization in 0 ms

MockHttpServletRequest:
      HTTP Method = GET
      Request URI = /users
       Parameters = {}
          Headers = []
             Body = <no character encoding set>
    Session Attrs = {}

Handler:
             Type = com.kbtg.bootcamp.posttest.user.UserController
           Method = com.kbtg.bootcamp.posttest.user.UserController#getALlUser()

Async:
    Async started = false
     Async result = null

Resolved Exception:
             Type = null

ModelAndView:
        View name = null
             View = null
            Model = null

FlashMap:
       Attributes = null

MockHttpServletResponse:
           Status = 200
    Error message = null
          Headers = [Content-Type:"application/json"]
     Content type = application/json
             Body = [{"user_id":6230413920,"name":"tester"}]
    Forwarded URL = null
   Redirected URL = null
          Cookies = []
]]></system-out>
  <system-err><![CDATA[]]></system-err>
</testsuite>
