<?xml version="1.0" encoding="UTF-8"?>
<testsuite name="com.kbtg.bootcamp.posttest.lottery.LotteryServiceTest" tests="4" skipped="0" failures="0" errors="0" timestamp="2024-02-26T05:23:36" hostname="JarjajarBook.local" time="0.043">
  <properties/>
  <testcase name="When call getAllLotteries should return list of lottery that admin created" classname="com.kbtg.bootcamp.posttest.lottery.LotteryServiceTest" time="0.032"/>
  <testcase name="Add valid lottery should return response with lottery ID" classname="com.kbtg.bootcamp.posttest.lottery.LotteryServiceTest" time="0.004"/>
  <testcase name="Lottery should have 6 digit of number" classname="com.kbtg.bootcamp.posttest.lottery.LotteryServiceTest" time="0.003"/>
  <testcase name="when call deleteAllLotteries list of lottery should empty" classname="com.kbtg.bootcamp.posttest.lottery.LotteryServiceTest" time="0.003"/>
  <system-out><![CDATA[12:23:36.968 [Test worker] INFO org.springframework.mock.web.MockServletContext -- Initializing Spring TestDispatcherServlet ''
12:23:36.968 [Test worker] INFO org.springframework.test.web.servlet.TestDispatcherServlet -- Initializing Servlet ''
12:23:36.968 [Test worker] INFO org.springframework.test.web.servlet.TestDispatcherServlet -- Completed initialization in 0 ms
12:23:36.972 [Test worker] INFO org.springframework.mock.web.MockServletContext -- Initializing Spring TestDispatcherServlet ''
12:23:36.972 [Test worker] INFO org.springframework.test.web.servlet.TestDispatcherServlet -- Initializing Servlet ''
12:23:36.972 [Test worker] INFO org.springframework.test.web.servlet.TestDispatcherServlet -- Completed initialization in 0 ms
12:23:36.976 [Test worker] INFO org.springframework.mock.web.MockServletContext -- Initializing Spring TestDispatcherServlet ''
12:23:36.976 [Test worker] INFO org.springframework.test.web.servlet.TestDispatcherServlet -- Initializing Servlet ''
12:23:36.976 [Test worker] INFO org.springframework.test.web.servlet.TestDispatcherServlet -- Completed initialization in 0 ms
12:23:36.979 [Test worker] INFO org.springframework.mock.web.MockServletContext -- Initializing Spring TestDispatcherServlet ''
12:23:36.979 [Test worker] INFO org.springframework.test.web.servlet.TestDispatcherServlet -- Initializing Servlet ''
12:23:36.979 [Test worker] INFO org.springframework.test.web.servlet.TestDispatcherServlet -- Completed initialization in 0 ms
]]></system-out>
  <system-err><![CDATA[]]></system-err>
</testsuite>
