<?xml version="1.0" encoding="UTF-8"?>
<testsuite name="com.kbtg.bootcamp.posttest.userTicket.UserTicketControllerTest" tests="1" skipped="0" failures="0" errors="0" timestamp="2024-02-26T05:23:37" hostname="JarjajarBook.local" time="0.017">
  <properties/>
  <testcase name="When perform GET: /users/{userId}/lotteries should return list of lotteries" classname="com.kbtg.bootcamp.posttest.userTicket.UserTicketControllerTest" time="0.017"/>
  <system-out><![CDATA[12:23:37.082 [Test worker] INFO org.springframework.mock.web.MockServletContext -- Initializing Spring TestDispatcherServlet ''
12:23:37.082 [Test worker] INFO org.springframework.test.web.servlet.TestDispatcherServlet -- Initializing Servlet ''
12:23:37.082 [Test worker] INFO org.springframework.test.web.servlet.TestDispatcherServlet -- Completed initialization in 0 ms
]]></system-out>
  <system-err><![CDATA[]]></system-err>
</testsuite>
